<?xml version="1.0" encoding="UTF-8"?>
<testsuite xmlns:xsi="http://www.w3.org/2001/XMLSchema-instance" xsi:noNamespaceSchemaLocation="https://maven.apache.org/surefire/maven-surefire-plugin/xsd/surefire-test-report.xsd" name="util.TestUtil" time="0.029" tests="8" errors="0" skipped="0" failures="0">
  <properties>
[...]
</properties>
  <testcase name="testCpf" classname="util.TestUtil" time="0.008"/>
  <testcase name="testHex" classname="util.TestUtil" time="0"/>
  <testcase name="testEmail" classname="util.TestUtil" time="0"/>
  <testcase name="testNome" classname="util.TestUtil" time="0"/>
  <testcase name="testTelefone" classname="util.TestUtil" time="0"/>
  <testcase name="testCriptoString" classname="util.TestUtil" time="0.003"/>
  <testcase name="testSenha64" classname="util.TestUtil" time="0.014"/>
  <testcase name="testSha512" classname="util.TestUtil" time="0.004"/>
</testsuite>